Using pre-set license
Built from '2021.1/staging' branch; Version is '2021.1.3f1 (4bef613afd59) revision 4976481'; Using compiler version '192528614'; Build Type 'Release'
OS: 'Windows 10 Pro; OS build 19041.1288; Version 2004; 64bit' Language: 'ru' Physical Memory: 32716 MB
BatchMode: 1, IsHumanControllingUs: 0, StartBugReporterOnCrash: 0, Is64bit: 1, IsPro: 0

 COMMAND LINE ARGUMENTS:
C:\Program Files\Unity\Hub\Editor\2021.1.3f1\Editor\Unity.exe
-adb2
-batchMode
-noUpm
-name
AssetImportWorker0
-projectPath
D:/GitHub/SpaceWaR2D
-logFile
Logs/AssetImportWorker0.log
-srvPort
58681
Successfully changed project path to: D:/GitHub/SpaceWaR2D
D:/GitHub/SpaceWaR2D
Using Asset Import Pipeline V2.
Refreshing native plugins compatible for Editor in 101.29 ms, found 4 plugins.
Preloading 0 native plugins for Editor in 0.00 ms.
Initialize engine version: 2021.1.3f1 (4bef613afd59)
[Subsystems] Discovering subsystems at path C:/Program Files/Unity/Hub/Editor/2021.1.3f1/Editor/Data/Resources/UnitySubsystems
[Subsystems] Discovering subsystems at path D:/GitHub/SpaceWaR2D/Assets
GfxDevice: creating device client; threaded=0; jobified=0
Direct3D:
    Version:  Direct3D 11.0 [level 11.1]
    Renderer: NVIDIA GeForce RTX 2060 SUPER (ID=0x1f06)
    Vendor:   NVIDIA
    VRAM:     8031 MB
    Driver:   30.0.14.9649
Initialize mono
Mono path[0] = 'C:/Program Files/Unity/Hub/Editor/2021.1.3f1/Editor/Data/Managed'
Mono path[1] = 'C:/Program Files/Unity/Hub/Editor/2021.1.3f1/Editor/Data/MonoBleedingEdge/lib/mono/unityjit'
Mono config path = 'C:/Program Files/Unity/Hub/Editor/2021.1.3f1/Editor/Data/MonoBleedingEdge/etc'
Using monoOptions --debugger-agent=transport=dt_socket,embedding=1,server=y,suspend=n,address=127.0.0.1:56584
Begin MonoManager ReloadAssembly
Registering precompiled unity dll's ...
Register platform support module: C:/Program Files/Unity/Hub/Editor/2021.1.3f1/Editor/Data/PlaybackEngines/WindowsStandaloneSupport/UnityEditor.WindowsStandalone.Extensions.dll
Registered in 0.001218 seconds.
Native extension for WindowsStandalone target not found
Refreshing native plugins compatible for Editor in 102.77 ms, found 4 plugins.
Preloading 0 native plugins for Editor in 0.00 ms.
Mono: successfully reloaded assembly
- Completed reload, in  1.357 seconds
Platform modules already initialized, skipping
Registering precompiled user dll's ...
Registered in 0.002766 seconds.
Begin MonoManager ReloadAssembly
Symbol file LoadedFromMemory doesn't match image D:\GitHub\SpaceWaR2D\Library\PackageCache\com.unity.visualscripting@1.6.1\Editor\VisualScripting.Core\Dependencies\YamlDotNet\Unity.VisualScripting.YamlDotNet.dll
Symbol file LoadedFromMemory doesn't match image D:\GitHub\SpaceWaR2D\Library\PackageCache\com.unity.visualscripting@1.6.1\Editor\VisualScripting.Core\Dependencies\DotNetZip\Unity.VisualScripting.IonicZip.dll
Native extension for WindowsStandalone target not found
Refreshing native plugins compatible for Editor in 100.93 ms, found 4 plugins.
Preloading 0 native plugins for Editor in 0.00 ms.
Mono: successfully reloaded assembly
- Completed reload, in  1.104 seconds
Platform modules already initialized, skipping
========================================================================
Worker process is ready to serve import requests
Launched and connected shader compiler UnityShaderCompiler.exe after 0.03 seconds
Refreshing native plugins compatible for Editor in 0.90 ms, found 4 plugins.
Preloading 0 native plugins for Editor in 0.00 ms.
Unloading 4000 Unused Serialized files (Serialized files now loaded: 0)
System memory in use before: 150.5 MB.
System memory in use after: 150.7 MB.

Unloading 31 unused Assets to reduce memory usage. Loaded Objects now: 4452.
Total: 3.263500 ms (FindLiveObjects: 0.452200 ms CreateObjectMapping: 0.215200 ms MarkObjects: 2.521200 ms  DeleteObjects: 0.074000 ms)

========================================================================
Received Import Request.
  path: Assets/Scenes/Game.unity
  artifactKey: Guid(2cda990e2423bbf4892e6590ba056729) Importer(815301076,1909f56bfc062723c751e8b465ee728b)
Start importing Assets/Scenes/Game.unity using Guid(2cda990e2423bbf4892e6590ba056729) Importer(815301076,1909f56bfc062723c751e8b465ee728b)  -> (artifact id: '4eec7a2311434090df9bd1a1b771a822') in 0.014014 seconds 
========================================================================
Received Prepare
Registering precompiled user dll's ...
Registered in 0.003004 seconds.
Begin MonoManager ReloadAssembly
Symbol file LoadedFromMemory doesn't match image D:\GitHub\SpaceWaR2D\Library\PackageCache\com.unity.visualscripting@1.6.1\Editor\VisualScripting.Core\Dependencies\YamlDotNet\Unity.VisualScripting.YamlDotNet.dll
Symbol file LoadedFromMemory doesn't match image D:\GitHub\SpaceWaR2D\Library\PackageCache\com.unity.visualscripting@1.6.1\Editor\VisualScripting.Core\Dependencies\DotNetZip\Unity.VisualScripting.IonicZip.dll
Native extension for WindowsStandalone target not found
Refreshing native plugins compatible for Editor in 0.90 ms, found 4 plugins.
Preloading 0 native plugins for Editor in 0.00 ms.
Mono: successfully reloaded assembly
- Completed reload, in  0.933 seconds
Platform modules already initialized, skipping
Refreshing native plugins compatible for Editor in 0.90 ms, found 4 plugins.
Preloading 0 native plugins for Editor in 0.00 ms.
Unloading 3975 Unused Serialized files (Serialized files now loaded: 0)
System memory in use before: 148.7 MB.
System memory in use after: 149.0 MB.

Unloading 18 unused Assets to reduce memory usage. Loaded Objects now: 4454.
Total: 2.991500 ms (FindLiveObjects: 0.365000 ms CreateObjectMapping: 0.096500 ms MarkObjects: 2.509700 ms  DeleteObjects: 0.019600 ms)

========================================================================
Received Prepare
Registering precompiled user dll's ...
Registered in 0.003240 seconds.
Begin MonoManager ReloadAssembly
Symbol file LoadedFromMemory doesn't match image D:\GitHub\SpaceWaR2D\Library\PackageCache\com.unity.visualscripting@1.6.1\Editor\VisualScripting.Core\Dependencies\YamlDotNet\Unity.VisualScripting.YamlDotNet.dll
Symbol file LoadedFromMemory doesn't match image D:\GitHub\SpaceWaR2D\Library\PackageCache\com.unity.visualscripting@1.6.1\Editor\VisualScripting.Core\Dependencies\DotNetZip\Unity.VisualScripting.IonicZip.dll
Native extension for WindowsStandalone target not found
Refreshing native plugins compatible for Editor in 0.91 ms, found 4 plugins.
Preloading 0 native plugins for Editor in 0.00 ms.
Mono: successfully reloaded assembly
- Completed reload, in  0.936 seconds
Platform modules already initialized, skipping
Refreshing native plugins compatible for Editor in 0.82 ms, found 4 plugins.
Preloading 0 native plugins for Editor in 0.00 ms.
Unloading 3975 Unused Serialized files (Serialized files now loaded: 0)
System memory in use before: 148.8 MB.
System memory in use after: 149.0 MB.

Unloading 18 unused Assets to reduce memory usage. Loaded Objects now: 4456.
Total: 3.129500 ms (FindLiveObjects: 0.407300 ms CreateObjectMapping: 0.115200 ms MarkObjects: 2.584800 ms  DeleteObjects: 0.021000 ms)

========================================================================
Received Prepare
Registering precompiled user dll's ...
Registered in 0.002978 seconds.
Begin MonoManager ReloadAssembly
Symbol file LoadedFromMemory doesn't match image D:\GitHub\SpaceWaR2D\Library\PackageCache\com.unity.visualscripting@1.6.1\Editor\VisualScripting.Core\Dependencies\YamlDotNet\Unity.VisualScripting.YamlDotNet.dll
Symbol file LoadedFromMemory doesn't match image D:\GitHub\SpaceWaR2D\Library\PackageCache\com.unity.visualscripting@1.6.1\Editor\VisualScripting.Core\Dependencies\DotNetZip\Unity.VisualScripting.IonicZip.dll
Native extension for WindowsStandalone target not found
Refreshing native plugins compatible for Editor in 0.91 ms, found 4 plugins.
Preloading 0 native plugins for Editor in 0.00 ms.
Mono: successfully reloaded assembly
- Completed reload, in  0.933 seconds
Platform modules already initialized, skipping
Refreshing native plugins compatible for Editor in 0.90 ms, found 4 plugins.
Preloading 0 native plugins for Editor in 0.00 ms.
Unloading 3975 Unused Serialized files (Serialized files now loaded: 0)
System memory in use before: 148.8 MB.
System memory in use after: 149.1 MB.

Unloading 18 unused Assets to reduce memory usage. Loaded Objects now: 4458.
Total: 2.897300 ms (FindLiveObjects: 0.331300 ms CreateObjectMapping: 0.096700 ms MarkObjects: 2.449100 ms  DeleteObjects: 0.019300 ms)

========================================================================
Received Prepare
Registering precompiled user dll's ...
Registered in 0.003110 seconds.
Begin MonoManager ReloadAssembly
Symbol file LoadedFromMemory doesn't match image D:\GitHub\SpaceWaR2D\Library\PackageCache\com.unity.visualscripting@1.6.1\Editor\VisualScripting.Core\Dependencies\YamlDotNet\Unity.VisualScripting.YamlDotNet.dll
Symbol file LoadedFromMemory doesn't match image D:\GitHub\SpaceWaR2D\Library\PackageCache\com.unity.visualscripting@1.6.1\Editor\VisualScripting.Core\Dependencies\DotNetZip\Unity.VisualScripting.IonicZip.dll
Native extension for WindowsStandalone target not found
Refreshing native plugins compatible for Editor in 0.93 ms, found 4 plugins.
Preloading 0 native plugins for Editor in 0.00 ms.
Mono: successfully reloaded assembly
- Completed reload, in  0.930 seconds
Platform modules already initialized, skipping
Refreshing native plugins compatible for Editor in 0.92 ms, found 4 plugins.
Preloading 0 native plugins for Editor in 0.00 ms.
Unloading 3975 Unused Serialized files (Serialized files now loaded: 0)
System memory in use before: 148.8 MB.
System memory in use after: 149.1 MB.

Unloading 18 unused Assets to reduce memory usage. Loaded Objects now: 4460.
Total: 3.553100 ms (FindLiveObjects: 0.447300 ms CreateObjectMapping: 0.103000 ms MarkObjects: 2.982400 ms  DeleteObjects: 0.018800 ms)

========================================================================
Received Import Request.
  Time since last request: 304.751069 seconds.
  path: Assets/Scripts/ScoreKeeper.cs
  artifactKey: Guid(cf3fa5f478e5a364d87fb3df8f46b8f6) Importer(815301076,1909f56bfc062723c751e8b465ee728b)
Start importing Assets/Scripts/ScoreKeeper.cs using Guid(cf3fa5f478e5a364d87fb3df8f46b8f6) Importer(815301076,1909f56bfc062723c751e8b465ee728b)  -> (artifact id: 'e6b15c8b75b207c9947cc88bee96ca4c') in 0.022041 seconds 
========================================================================
Received Import Request.
  Time since last request: 16.178573 seconds.
  path: Assets/Scripts/UIDisplay.cs
  artifactKey: Guid(5c25daebcace3364eb5c2ddadbdd1621) Importer(815301076,1909f56bfc062723c751e8b465ee728b)
Start importing Assets/Scripts/UIDisplay.cs using Guid(5c25daebcace3364eb5c2ddadbdd1621) Importer(815301076,1909f56bfc062723c751e8b465ee728b)  -> (artifact id: 'dcdb4d753b3e9521a0584544f5479406') in 0.001386 seconds 
========================================================================
Received Import Request.
  Time since last request: 12.046881 seconds.
  path: Assets/Scripts/Shooter.cs
  artifactKey: Guid(7bb405e9e9db1384fac1f47a0869a292) Importer(815301076,1909f56bfc062723c751e8b465ee728b)
Start importing Assets/Scripts/Shooter.cs using Guid(7bb405e9e9db1384fac1f47a0869a292) Importer(815301076,1909f56bfc062723c751e8b465ee728b)  -> (artifact id: '875592ecc58e509e39c38610a25660ae') in 0.001608 seconds 
========================================================================
Received Prepare
Registering precompiled user dll's ...
Registered in 0.003143 seconds.
Begin MonoManager ReloadAssembly
Symbol file LoadedFromMemory doesn't match image D:\GitHub\SpaceWaR2D\Library\PackageCache\com.unity.visualscripting@1.6.1\Editor\VisualScripting.Core\Dependencies\YamlDotNet\Unity.VisualScripting.YamlDotNet.dll
Symbol file LoadedFromMemory doesn't match image D:\GitHub\SpaceWaR2D\Library\PackageCache\com.unity.visualscripting@1.6.1\Editor\VisualScripting.Core\Dependencies\DotNetZip\Unity.VisualScripting.IonicZip.dll
Native extension for WindowsStandalone target not found
Refreshing native plugins compatible for Editor in 0.91 ms, found 4 plugins.
Preloading 0 native plugins for Editor in 0.00 ms.
Mono: successfully reloaded assembly
- Completed reload, in  0.911 seconds
Platform modules already initialized, skipping
Refreshing native plugins compatible for Editor in 0.89 ms, found 4 plugins.
Preloading 0 native plugins for Editor in 0.00 ms.
Unloading 3975 Unused Serialized files (Serialized files now loaded: 0)
System memory in use before: 148.9 MB.
System memory in use after: 149.1 MB.

Unloading 18 unused Assets to reduce memory usage. Loaded Objects now: 4462.
Total: 3.227000 ms (FindLiveObjects: 0.413300 ms CreateObjectMapping: 0.098000 ms MarkObjects: 2.698700 ms  DeleteObjects: 0.015900 ms)

========================================================================
Received Import Request.
  Time since last request: 147.012601 seconds.
  path: Assets/Prefabs/BG.prefab
  artifactKey: Guid(7589edfe1281c3b4497161fb20e52098) Importer(815301076,1909f56bfc062723c751e8b465ee728b)
Start importing Assets/Prefabs/BG.prefab using Guid(7589edfe1281c3b4497161fb20e52098) Importer(815301076,1909f56bfc062723c751e8b465ee728b)  -> (artifact id: '48fdd3f7ce1418ee2e302e7d03ecc6dc') in 0.082504 seconds 
========================================================================
Received Import Request.
  Time since last request: 7.823753 seconds.
  path: Assets/Prefabs/AudioPlayer.prefab
  artifactKey: Guid(d72da66eaa2439a4c88b95f2cb4a33ea) Importer(815301076,1909f56bfc062723c751e8b465ee728b)
Start importing Assets/Prefabs/AudioPlayer.prefab using Guid(d72da66eaa2439a4c88b95f2cb4a33ea) Importer(815301076,1909f56bfc062723c751e8b465ee728b)  -> (artifact id: '2a3eebc94d00570e7b854b955ce7d439') in 0.003343 seconds 
========================================================================
Received Import Request.
  Time since last request: 18.566584 seconds.
  path: Assets/Prefabs/ScoreKeeper.prefab
  artifactKey: Guid(0c0c038e62d7d094eac42289de8a5dfe) Importer(815301076,1909f56bfc062723c751e8b465ee728b)
Start importing Assets/Prefabs/ScoreKeeper.prefab using Guid(0c0c038e62d7d094eac42289de8a5dfe) Importer(815301076,1909f56bfc062723c751e8b465ee728b)  -> (artifact id: '8b42598eb85dddb4154bf11a01062e5c') in 0.002991 seconds 
========================================================================
Received Import Request.
  Time since last request: 19.961551 seconds.
  path: Assets/Scenes
  artifactKey: Guid(131a6b21c8605f84396be9f6751fb6e3) Importer(815301076,1909f56bfc062723c751e8b465ee728b)
Start importing Assets/Scenes using Guid(131a6b21c8605f84396be9f6751fb6e3) Importer(815301076,1909f56bfc062723c751e8b465ee728b)  -> (artifact id: 'efefc21db6db852cc274484af318f54a') in 0.001375 seconds 
========================================================================
Received Import Request.
  Time since last request: 9.175986 seconds.
  path: Assets/Scenes/MainMenu.unity
  artifactKey: Guid(a4974e5dcd7b1d4438b8f50f37d264fe) Importer(815301076,1909f56bfc062723c751e8b465ee728b)
Start importing Assets/Scenes/MainMenu.unity using Guid(a4974e5dcd7b1d4438b8f50f37d264fe) Importer(815301076,1909f56bfc062723c751e8b465ee728b)  -> (artifact id: 'a9129f9be001b68737f0fef131fc44cb') in 0.001840 seconds 
========================================================================
Received Prepare
Registering precompiled user dll's ...
Registered in 0.003229 seconds.
Begin MonoManager ReloadAssembly
Symbol file LoadedFromMemory doesn't match image D:\GitHub\SpaceWaR2D\Library\PackageCache\com.unity.visualscripting@1.6.1\Editor\VisualScripting.Core\Dependencies\YamlDotNet\Unity.VisualScripting.YamlDotNet.dll
Symbol file LoadedFromMemory doesn't match image D:\GitHub\SpaceWaR2D\Library\PackageCache\com.unity.visualscripting@1.6.1\Editor\VisualScripting.Core\Dependencies\DotNetZip\Unity.VisualScripting.IonicZip.dll
Native extension for WindowsStandalone target not found
Refreshing native plugins compatible for Editor in 0.99 ms, found 4 plugins.
Preloading 0 native plugins for Editor in 0.00 ms.
Mono: successfully reloaded assembly
- Completed reload, in  0.914 seconds
Platform modules already initialized, skipping
Refreshing native plugins compatible for Editor in 0.90 ms, found 4 plugins.
Preloading 0 native plugins for Editor in 0.00 ms.
Unloading 3975 Unused Serialized files (Serialized files now loaded: 0)
System memory in use before: 153.0 MB.
System memory in use after: 153.3 MB.

Unloading 18 unused Assets to reduce memory usage. Loaded Objects now: 4471.
Total: 3.013000 ms (FindLiveObjects: 0.385700 ms CreateObjectMapping: 0.112000 ms MarkObjects: 2.495900 ms  DeleteObjects: 0.018500 ms)

========================================================================
Received Prepare
Registering precompiled user dll's ...
Registered in 0.003167 seconds.
Begin MonoManager ReloadAssembly
Symbol file LoadedFromMemory doesn't match image D:\GitHub\SpaceWaR2D\Library\PackageCache\com.unity.visualscripting@1.6.1\Editor\VisualScripting.Core\Dependencies\YamlDotNet\Unity.VisualScripting.YamlDotNet.dll
Symbol file LoadedFromMemory doesn't match image D:\GitHub\SpaceWaR2D\Library\PackageCache\com.unity.visualscripting@1.6.1\Editor\VisualScripting.Core\Dependencies\DotNetZip\Unity.VisualScripting.IonicZip.dll
Native extension for WindowsStandalone target not found
Refreshing native plugins compatible for Editor in 1.54 ms, found 4 plugins.
Preloading 0 native plugins for Editor in 0.00 ms.
Mono: successfully reloaded assembly
- Completed reload, in  0.991 seconds
Platform modules already initialized, skipping
Refreshing native plugins compatible for Editor in 1.25 ms, found 4 plugins.
Preloading 0 native plugins for Editor in 0.00 ms.
Unloading 3975 Unused Serialized files (Serialized files now loaded: 0)
System memory in use before: 153.0 MB.
System memory in use after: 153.3 MB.

Unloading 18 unused Assets to reduce memory usage. Loaded Objects now: 4473.
Total: 2.956500 ms (FindLiveObjects: 0.361600 ms CreateObjectMapping: 0.096400 ms MarkObjects: 2.477600 ms  DeleteObjects: 0.019900 ms)

========================================================================
Received Import Request.
  Time since last request: 798.443168 seconds.
  path: Assets/Asset Packs/Bonus/Kenney Blocks.ttf
  artifactKey: Guid(ea1bb178dd40cb04d8817b98942023c4) Importer(815301076,1909f56bfc062723c751e8b465ee728b)
Start importing Assets/Asset Packs/Bonus/Kenney Blocks.ttf using Guid(ea1bb178dd40cb04d8817b98942023c4) Importer(815301076,1909f56bfc062723c751e8b465ee728b)  -> (artifact id: '881377cf45ceb99da315b96937579e64') in 0.063615 seconds 
========================================================================
Received Import Request.
  Time since last request: 0.000185 seconds.
  path: Assets/Asset Packs/Bonus/Kenney Pixel.ttf
  artifactKey: Guid(08d798249a282d94f909b52925a92290) Importer(815301076,1909f56bfc062723c751e8b465ee728b)
Start importing Assets/Asset Packs/Bonus/Kenney Pixel.ttf using Guid(08d798249a282d94f909b52925a92290) Importer(815301076,1909f56bfc062723c751e8b465ee728b)  -> (artifact id: 'fe69bdca0367675ccf7ef3b997fec6eb') in 0.008130 seconds 
========================================================================
Received Import Request.
  Time since last request: 0.000185 seconds.
  path: Assets/Asset Packs/Bonus/Kenney High Square.ttf
  artifactKey: Guid(dd875d550934eeb409bce1a34f12fc20) Importer(815301076,1909f56bfc062723c751e8b465ee728b)
Start importing Assets/Asset Packs/Bonus/Kenney High Square.ttf using Guid(dd875d550934eeb409bce1a34f12fc20) Importer(815301076,1909f56bfc062723c751e8b465ee728b)  -> (artifact id: 'ebf3335d69d3152155078cf3db9ad4de') in 0.008062 seconds 
========================================================================
Received Import Request.
  Time since last request: 0.000137 seconds.
  path: Assets/Asset Packs/Bonus/Kenney Future Narrow.ttf
  artifactKey: Guid(3040b716a8c0a9343b643fb40f565bd7) Importer(815301076,1909f56bfc062723c751e8b465ee728b)
Start importing Assets/Asset Packs/Bonus/Kenney Future Narrow.ttf using Guid(3040b716a8c0a9343b643fb40f565bd7) Importer(815301076,1909f56bfc062723c751e8b465ee728b)  -> (artifact id: '2afe7bcf0f2fabf70d90ad2272c23625') in 0.007711 seconds 
========================================================================
Received Import Request.
  Time since last request: 0.000132 seconds.
  path: Assets/Asset Packs/Bonus/Kenney Rocket Square.ttf
  artifactKey: Guid(499ee7282cb666e4c8c5b21930bac96e) Importer(815301076,1909f56bfc062723c751e8b465ee728b)
Start importing Assets/Asset Packs/Bonus/Kenney Rocket Square.ttf using Guid(499ee7282cb666e4c8c5b21930bac96e) Importer(815301076,1909f56bfc062723c751e8b465ee728b)  -> (artifact id: '3ea61e992dd0b28a9ec7337da26c698b') in 0.006980 seconds 
========================================================================
Received Import Request.
  Time since last request: 0.000137 seconds.
  path: Assets/Asset Packs/Bonus/Kenney Future.ttf
  artifactKey: Guid(bf5fb095d38b527498078846c278f907) Importer(815301076,1909f56bfc062723c751e8b465ee728b)
Start importing Assets/Asset Packs/Bonus/Kenney Future.ttf using Guid(bf5fb095d38b527498078846c278f907) Importer(815301076,1909f56bfc062723c751e8b465ee728b)  -> (artifact id: '35980ef29aa0859f0eb4136460fc0bb4') in 0.009132 seconds 
========================================================================
Received Import Request.
  Time since last request: 0.000150 seconds.
  path: Assets/Asset Packs/Bonus/Kenney Pixel Square.ttf
  artifactKey: Guid(1f2c6898c731de14694ec613ecbdfb59) Importer(815301076,1909f56bfc062723c751e8b465ee728b)
Start importing Assets/Asset Packs/Bonus/Kenney Pixel Square.ttf using Guid(1f2c6898c731de14694ec613ecbdfb59) Importer(815301076,1909f56bfc062723c751e8b465ee728b)  -> (artifact id: 'acbad7019638ede9b493e0a52308c1e7') in 0.009071 seconds 
========================================================================
Received Import Request.
  Time since last request: 0.000296 seconds.
  path: Assets/Asset Packs/Bonus/Kenney Rocket.ttf
  artifactKey: Guid(6c7e19c49fd13c8438fc9fee7b1936af) Importer(815301076,1909f56bfc062723c751e8b465ee728b)
Start importing Assets/Asset Packs/Bonus/Kenney Rocket.ttf using Guid(6c7e19c49fd13c8438fc9fee7b1936af) Importer(815301076,1909f56bfc062723c751e8b465ee728b)  -> (artifact id: '6c267209d05b9a1c4fd0213b16a48879') in 0.008074 seconds 
========================================================================
Received Import Request.
  Time since last request: 0.000217 seconds.
  path: Assets/Asset Packs/Bonus/Kenney High.ttf
  artifactKey: Guid(a581a25d4e26506408064537d387bb23) Importer(815301076,1909f56bfc062723c751e8b465ee728b)
Start importing Assets/Asset Packs/Bonus/Kenney High.ttf using Guid(a581a25d4e26506408064537d387bb23) Importer(815301076,1909f56bfc062723c751e8b465ee728b)  -> (artifact id: 'c632753e5955131e642e39701096e048') in 0.008426 seconds 
========================================================================
Received Import Request.
  Time since last request: 0.000194 seconds.
  path: Assets/Asset Packs/Bonus/Kenney Mini Square.ttf
  artifactKey: Guid(d5aa6bbd14282aa49867c37bcf508b5c) Importer(815301076,1909f56bfc062723c751e8b465ee728b)
Start importing Assets/Asset Packs/Bonus/Kenney Mini Square.ttf using Guid(d5aa6bbd14282aa49867c37bcf508b5c) Importer(815301076,1909f56bfc062723c751e8b465ee728b)  -> (artifact id: 'bce4d9839836b16ccf9510e0a4c85924') in 0.009501 seconds 
========================================================================
Received Import Request.
  Time since last request: 0.000187 seconds.
  path: Assets/Asset Packs/Bonus/Kenney Mini.ttf
  artifactKey: Guid(efa63eafc58844347b6457140437cf12) Importer(815301076,1909f56bfc062723c751e8b465ee728b)
Start importing Assets/Asset Packs/Bonus/Kenney Mini.ttf using Guid(efa63eafc58844347b6457140437cf12) Importer(815301076,1909f56bfc062723c751e8b465ee728b)  -> (artifact id: 'a512dd1312dfc48033adad66e49ee327') in 0.013784 seconds 
========================================================================
Received Import Request.
  Time since last request: 13.583620 seconds.
  path: Assets/Asset Packs/Bonus/Kenney Blocks SDF.asset
  artifactKey: Guid(16693c10fc736264aa8c1aa2b46efbb4) Importer(815301076,1909f56bfc062723c751e8b465ee728b)
Start importing Assets/Asset Packs/Bonus/Kenney Blocks SDF.asset using Guid(16693c10fc736264aa8c1aa2b46efbb4) Importer(815301076,1909f56bfc062723c751e8b465ee728b)  -> (artifact id: '12278075924b48a71126a36992419b2d') in 0.030387 seconds 
========================================================================
Received Import Request.
  Time since last request: 0.000168 seconds.
  path: Assets/Asset Packs/Bonus/kenvector_future_thin SDF.asset
  artifactKey: Guid(c968702dc4e743d4ea60839f0a886a1d) Importer(815301076,1909f56bfc062723c751e8b465ee728b)
Start importing Assets/Asset Packs/Bonus/kenvector_future_thin SDF.asset using Guid(c968702dc4e743d4ea60839f0a886a1d) Importer(815301076,1909f56bfc062723c751e8b465ee728b)  -> (artifact id: '0a3b0e3d62ba3565700f565ae4642fbe') in 0.022037 seconds 
========================================================================
Received Import Request.
  Time since last request: 195.822135 seconds.
  path: Assets/Asset Packs/Bonus/Kenney Space.ttf
  artifactKey: Guid(b967fcab7c7ac5144b5cfe73cb46b3c3) Importer(815301076,1909f56bfc062723c751e8b465ee728b)
Start importing Assets/Asset Packs/Bonus/Kenney Space.ttf using Guid(b967fcab7c7ac5144b5cfe73cb46b3c3) Importer(815301076,1909f56bfc062723c751e8b465ee728b)  -> (artifact id: '4e6a423d431374239f4f873a4915d211') in 0.012211 seconds 
========================================================================
Received Import Request.
  Time since last request: 21.036923 seconds.
  path: Assets/Asset Packs/Bonus/Kenney Blocks SDF.asset
  artifactKey: Guid(16693c10fc736264aa8c1aa2b46efbb4) Importer(815301076,1909f56bfc062723c751e8b465ee728b)
Start importing Assets/Asset Packs/Bonus/Kenney Blocks SDF.asset using Guid(16693c10fc736264aa8c1aa2b46efbb4) Importer(815301076,1909f56bfc062723c751e8b465ee728b)  -> (artifact id: '7dbfba6aaca8c6ba3838f79e98352552') in 0.013563 seconds 
========================================================================
Received Import Request.
  Time since last request: 0.000154 seconds.
  path: Assets/Asset Packs/Bonus/Kenney Space SDF.asset
  artifactKey: Guid(4d0fb0e18b0877d428107ff8612314e3) Importer(815301076,1909f56bfc062723c751e8b465ee728b)
Start importing Assets/Asset Packs/Bonus/Kenney Space SDF.asset using Guid(4d0fb0e18b0877d428107ff8612314e3) Importer(815301076,1909f56bfc062723c751e8b465ee728b)  -> (artifact id: 'c7d2523a0913d6cc78a45fd745b6c611') in 0.023230 seconds 
========================================================================
Received Import Request.
  Time since last request: 477.423340 seconds.
  path: Assets/Asset Packs/Bonus/Main.asset
  artifactKey: Guid(4d0fb0e18b0877d428107ff8612314e3) Importer(815301076,1909f56bfc062723c751e8b465ee728b)
Start importing Assets/Asset Packs/Bonus/Main.asset using Guid(4d0fb0e18b0877d428107ff8612314e3) Importer(815301076,1909f56bfc062723c751e8b465ee728b)  -> (artifact id: '6ec92f5fd9daf2e0df357449241fe93a') in 0.015295 seconds 
========================================================================
Received Import Request.
  Time since last request: 24.820173 seconds.
  path: Assets/Asset Packs/Bonus/Kenney Space SDF.asset
  artifactKey: Guid(ece78c196afabcc408e5437044971a9d) Importer(815301076,1909f56bfc062723c751e8b465ee728b)
Start importing Assets/Asset Packs/Bonus/Kenney Space SDF.asset using Guid(ece78c196afabcc408e5437044971a9d) Importer(815301076,1909f56bfc062723c751e8b465ee728b)  -> (artifact id: '22f69eca48805eb56351b690136ac05c') in 0.021442 seconds 
========================================================================
Received Import Request.
  Time since last request: 0.000155 seconds.
  path: Assets/Asset Packs/Bonus/Main.asset
  artifactKey: Guid(4d0fb0e18b0877d428107ff8612314e3) Importer(815301076,1909f56bfc062723c751e8b465ee728b)
Start importing Assets/Asset Packs/Bonus/Main.asset using Guid(4d0fb0e18b0877d428107ff8612314e3) Importer(815301076,1909f56bfc062723c751e8b465ee728b)  -> (artifact id: 'f946e6b3bb560218c7a7e19df224c6e2') in 0.018216 seconds 
========================================================================
Received Import Request.
  Time since last request: 16.057484 seconds.
  path: Assets/Asset Packs/Bonus/SubMain.asset
  artifactKey: Guid(ece78c196afabcc408e5437044971a9d) Importer(815301076,1909f56bfc062723c751e8b465ee728b)
Start importing Assets/Asset Packs/Bonus/SubMain.asset using Guid(ece78c196afabcc408e5437044971a9d) Importer(815301076,1909f56bfc062723c751e8b465ee728b)  -> (artifact id: '5c30d2c2413cc98537de5c4f8fd43548') in 0.022523 seconds 
========================================================================
Received Prepare
Registering precompiled user dll's ...
Registered in 0.003008 seconds.
Begin MonoManager ReloadAssembly
Symbol file LoadedFromMemory doesn't match image D:\GitHub\SpaceWaR2D\Library\PackageCache\com.unity.visualscripting@1.6.1\Editor\VisualScripting.Core\Dependencies\YamlDotNet\Unity.VisualScripting.YamlDotNet.dll
Symbol file LoadedFromMemory doesn't match image D:\GitHub\SpaceWaR2D\Library\PackageCache\com.unity.visualscripting@1.6.1\Editor\VisualScripting.Core\Dependencies\DotNetZip\Unity.VisualScripting.IonicZip.dll
Native extension for WindowsStandalone target not found
Refreshing native plugins compatible for Editor in 1.19 ms, found 4 plugins.
Preloading 0 native plugins for Editor in 0.00 ms.
Mono: successfully reloaded assembly
- Completed reload, in  1.002 seconds
Platform modules already initialized, skipping
Refreshing native plugins compatible for Editor in 0.92 ms, found 4 plugins.
Preloading 0 native plugins for Editor in 0.00 ms.
Unloading 3991 Unused Serialized files (Serialized files now loaded: 0)
System memory in use before: 162.8 MB.
System memory in use after: 163.1 MB.

Unloading 18 unused Assets to reduce memory usage. Loaded Objects now: 4809.
Total: 3.220800 ms (FindLiveObjects: 0.401900 ms CreateObjectMapping: 0.111300 ms MarkObjects: 2.683400 ms  DeleteObjects: 0.023000 ms)

========================================================================
Received Prepare
Registering precompiled user dll's ...
Registered in 0.003174 seconds.
Begin MonoManager ReloadAssembly
Symbol file LoadedFromMemory doesn't match image D:\GitHub\SpaceWaR2D\Library\PackageCache\com.unity.visualscripting@1.6.1\Editor\VisualScripting.Core\Dependencies\YamlDotNet\Unity.VisualScripting.YamlDotNet.dll
Symbol file LoadedFromMemory doesn't match image D:\GitHub\SpaceWaR2D\Library\PackageCache\com.unity.visualscripting@1.6.1\Editor\VisualScripting.Core\Dependencies\DotNetZip\Unity.VisualScripting.IonicZip.dll
Native extension for WindowsStandalone target not found
Refreshing native plugins compatible for Editor in 0.91 ms, found 4 plugins.
Preloading 0 native plugins for Editor in 0.00 ms.
Mono: successfully reloaded assembly
- Completed reload, in  0.937 seconds
Platform modules already initialized, skipping
Refreshing native plugins compatible for Editor in 0.97 ms, found 4 plugins.
Preloading 0 native plugins for Editor in 0.00 ms.
Unloading 3975 Unused Serialized files (Serialized files now loaded: 0)
System memory in use before: 162.4 MB.
System memory in use after: 162.6 MB.

Unloading 18 unused Assets to reduce memory usage. Loaded Objects now: 4811.
Total: 3.239600 ms (FindLiveObjects: 0.378500 ms CreateObjectMapping: 0.098900 ms MarkObjects: 2.742500 ms  DeleteObjects: 0.018800 ms)

========================================================================
Received Prepare
Registering precompiled user dll's ...
Registered in 0.003191 seconds.
Begin MonoManager ReloadAssembly
Symbol file LoadedFromMemory doesn't match image D:\GitHub\SpaceWaR2D\Library\PackageCache\com.unity.visualscripting@1.6.1\Editor\VisualScripting.Core\Dependencies\YamlDotNet\Unity.VisualScripting.YamlDotNet.dll
Symbol file LoadedFromMemory doesn't match image D:\GitHub\SpaceWaR2D\Library\PackageCache\com.unity.visualscripting@1.6.1\Editor\VisualScripting.Core\Dependencies\DotNetZip\Unity.VisualScripting.IonicZip.dll
Native extension for WindowsStandalone target not found
Refreshing native plugins compatible for Editor in 0.96 ms, found 4 plugins.
Preloading 0 native plugins for Editor in 0.00 ms.
Mono: successfully reloaded assembly
- Completed reload, in  0.931 seconds
Platform modules already initialized, skipping
Refreshing native plugins compatible for Editor in 0.92 ms, found 4 plugins.
Preloading 0 native plugins for Editor in 0.00 ms.
Unloading 3975 Unused Serialized files (Serialized files now loaded: 0)
System memory in use before: 162.4 MB.
System memory in use after: 162.6 MB.

Unloading 18 unused Assets to reduce memory usage. Loaded Objects now: 4813.
Total: 3.326500 ms (FindLiveObjects: 0.404300 ms CreateObjectMapping: 0.113300 ms MarkObjects: 2.783800 ms  DeleteObjects: 0.023700 ms)

========================================================================
Received Prepare
Registering precompiled user dll's ...
Registered in 0.003295 seconds.
Begin MonoManager ReloadAssembly
Symbol file LoadedFromMemory doesn't match image D:\GitHub\SpaceWaR2D\Library\PackageCache\com.unity.visualscripting@1.6.1\Editor\VisualScripting.Core\Dependencies\YamlDotNet\Unity.VisualScripting.YamlDotNet.dll
Symbol file LoadedFromMemory doesn't match image D:\GitHub\SpaceWaR2D\Library\PackageCache\com.unity.visualscripting@1.6.1\Editor\VisualScripting.Core\Dependencies\DotNetZip\Unity.VisualScripting.IonicZip.dll
Native extension for WindowsStandalone target not found
Refreshing native plugins compatible for Editor in 0.91 ms, found 4 plugins.
Preloading 0 native plugins for Editor in 0.00 ms.
Mono: successfully reloaded assembly
- Completed reload, in  0.916 seconds
Platform modules already initialized, skipping
Refreshing native plugins compatible for Editor in 0.91 ms, found 4 plugins.
Preloading 0 native plugins for Editor in 0.00 ms.
Unloading 3975 Unused Serialized files (Serialized files now loaded: 0)
System memory in use before: 162.4 MB.
System memory in use after: 162.6 MB.

Unloading 18 unused Assets to reduce memory usage. Loaded Objects now: 4815.
Total: 3.155200 ms (FindLiveObjects: 0.377100 ms CreateObjectMapping: 0.098200 ms MarkObjects: 2.657300 ms  DeleteObjects: 0.021600 ms)

========================================================================
Received Import Request.
  Time since last request: 864.520263 seconds.
  path: Assets/Asset Packs/Bonus/SubMain.asset
  artifactKey: Guid(ece78c196afabcc408e5437044971a9d) Importer(815301076,1909f56bfc062723c751e8b465ee728b)
Start importing Assets/Asset Packs/Bonus/SubMain.asset using Guid(ece78c196afabcc408e5437044971a9d) Importer(815301076,1909f56bfc062723c751e8b465ee728b)  -> (artifact id: 'efbe5ca6b5835ec306d9c2b38c2f58db') in 0.069731 seconds 
========================================================================
Received Prepare
Registering precompiled user dll's ...
Registered in 0.003172 seconds.
Begin MonoManager ReloadAssembly
Symbol file LoadedFromMemory doesn't match image D:\GitHub\SpaceWaR2D\Library\PackageCache\com.unity.visualscripting@1.6.1\Editor\VisualScripting.Core\Dependencies\YamlDotNet\Unity.VisualScripting.YamlDotNet.dll
Symbol file LoadedFromMemory doesn't match image D:\GitHub\SpaceWaR2D\Library\PackageCache\com.unity.visualscripting@1.6.1\Editor\VisualScripting.Core\Dependencies\DotNetZip\Unity.VisualScripting.IonicZip.dll
Native extension for WindowsStandalone target not found
Refreshing native plugins compatible for Editor in 0.90 ms, found 4 plugins.
Preloading 0 native plugins for Editor in 0.00 ms.
Mono: successfully reloaded assembly
- Completed reload, in  0.923 seconds
Platform modules already initialized, skipping
Refreshing native plugins compatible for Editor in 0.89 ms, found 4 plugins.
Preloading 0 native plugins for Editor in 0.00 ms.
Unloading 3976 Unused Serialized files (Serialized files now loaded: 0)
System memory in use before: 163.1 MB.
System memory in use after: 163.4 MB.

Unloading 18 unused Assets to reduce memory usage. Loaded Objects now: 4833.
Total: 3.276500 ms (FindLiveObjects: 0.393600 ms CreateObjectMapping: 0.113200 ms MarkObjects: 2.749700 ms  DeleteObjects: 0.018800 ms)

========================================================================
Received Prepare
Registering precompiled user dll's ...
Registered in 0.002966 seconds.
Begin MonoManager ReloadAssembly
Symbol file LoadedFromMemory doesn't match image D:\GitHub\SpaceWaR2D\Library\PackageCache\com.unity.visualscripting@1.6.1\Editor\VisualScripting.Core\Dependencies\YamlDotNet\Unity.VisualScripting.YamlDotNet.dll
Symbol file LoadedFromMemory doesn't match image D:\GitHub\SpaceWaR2D\Library\PackageCache\com.unity.visualscripting@1.6.1\Editor\VisualScripting.Core\Dependencies\DotNetZip\Unity.VisualScripting.IonicZip.dll
Native extension for WindowsStandalone target not found
Refreshing native plugins compatible for Editor in 0.94 ms, found 4 plugins.
Preloading 0 native plugins for Editor in 0.00 ms.
Mono: successfully reloaded assembly
- Completed reload, in  0.928 seconds
Platform modules already initialized, skipping
Refreshing native plugins compatible for Editor in 0.97 ms, found 4 plugins.
Preloading 0 native plugins for Editor in 0.00 ms.
Unloading 3975 Unused Serialized files (Serialized files now loaded: 0)
System memory in use before: 163.2 MB.
System memory in use after: 163.4 MB.

Unloading 18 unused Assets to reduce memory usage. Loaded Objects now: 4835.
Total: 3.372800 ms (FindLiveObjects: 0.496500 ms CreateObjectMapping: 0.099000 ms MarkObjects: 2.759500 ms  DeleteObjects: 0.016700 ms)

========================================================================
Received Prepare
Registering precompiled user dll's ...
Registered in 0.003231 seconds.
Begin MonoManager ReloadAssembly
Symbol file LoadedFromMemory doesn't match image D:\GitHub\SpaceWaR2D\Library\PackageCache\com.unity.visualscripting@1.6.1\Editor\VisualScripting.Core\Dependencies\YamlDotNet\Unity.VisualScripting.YamlDotNet.dll
Symbol file LoadedFromMemory doesn't match image D:\GitHub\SpaceWaR2D\Library\PackageCache\com.unity.visualscripting@1.6.1\Editor\VisualScripting.Core\Dependencies\DotNetZip\Unity.VisualScripting.IonicZip.dll
Native extension for WindowsStandalone target not found
Refreshing native plugins compatible for Editor in 0.98 ms, found 4 plugins.
Preloading 0 native plugins for Editor in 0.00 ms.
Mono: successfully reloaded assembly
- Completed reload, in  0.944 seconds
Platform modules already initialized, skipping
Refreshing native plugins compatible for Editor in 0.91 ms, found 4 plugins.
Preloading 0 native plugins for Editor in 0.00 ms.
Unloading 3975 Unused Serialized files (Serialized files now loaded: 0)
System memory in use before: 163.2 MB.
System memory in use after: 163.4 MB.

Unloading 18 unused Assets to reduce memory usage. Loaded Objects now: 4837.
Total: 3.145500 ms (FindLiveObjects: 0.390600 ms CreateObjectMapping: 0.098200 ms MarkObjects: 2.634700 ms  DeleteObjects: 0.021300 ms)

========================================================================
Received Prepare
Registering precompiled user dll's ...
Registered in 0.003181 seconds.
Begin MonoManager ReloadAssembly
Symbol file LoadedFromMemory doesn't match image D:\GitHub\SpaceWaR2D\Library\PackageCache\com.unity.visualscripting@1.6.1\Editor\VisualScripting.Core\Dependencies\YamlDotNet\Unity.VisualScripting.YamlDotNet.dll
Symbol file LoadedFromMemory doesn't match image D:\GitHub\SpaceWaR2D\Library\PackageCache\com.unity.visualscripting@1.6.1\Editor\VisualScripting.Core\Dependencies\DotNetZip\Unity.VisualScripting.IonicZip.dll
Native extension for WindowsStandalone target not found
Refreshing native plugins compatible for Editor in 0.89 ms, found 4 plugins.
Preloading 0 native plugins for Editor in 0.00 ms.
Mono: successfully reloaded assembly
- Completed reload, in  0.922 seconds
Platform modules already initialized, skipping
Refreshing native plugins compatible for Editor in 0.89 ms, found 4 plugins.
Preloading 0 native plugins for Editor in 0.00 ms.
Unloading 3975 Unused Serialized files (Serialized files now loaded: 0)
System memory in use before: 163.2 MB.
System memory in use after: 163.5 MB.

Unloading 18 unused Assets to reduce memory usage. Loaded Objects now: 4839.
Total: 2.844300 ms (FindLiveObjects: 0.415100 ms CreateObjectMapping: 0.116900 ms MarkObjects: 2.293000 ms  DeleteObjects: 0.018500 ms)

========================================================================
Received Prepare
Registering precompiled user dll's ...
Registered in 0.003099 seconds.
Begin MonoManager ReloadAssembly
Symbol file LoadedFromMemory doesn't match image D:\GitHub\SpaceWaR2D\Library\PackageCache\com.unity.visualscripting@1.6.1\Editor\VisualScripting.Core\Dependencies\YamlDotNet\Unity.VisualScripting.YamlDotNet.dll
Symbol file LoadedFromMemory doesn't match image D:\GitHub\SpaceWaR2D\Library\PackageCache\com.unity.visualscripting@1.6.1\Editor\VisualScripting.Core\Dependencies\DotNetZip\Unity.VisualScripting.IonicZip.dll
Native extension for WindowsStandalone target not found
Refreshing native plugins compatible for Editor in 1.01 ms, found 4 plugins.
Preloading 0 native plugins for Editor in 0.00 ms.
Mono: successfully reloaded assembly
- Completed reload, in  0.920 seconds
Platform modules already initialized, skipping
Refreshing native plugins compatible for Editor in 0.89 ms, found 4 plugins.
Preloading 0 native plugins for Editor in 0.00 ms.
Unloading 3975 Unused Serialized files (Serialized files now loaded: 0)
System memory in use before: 163.2 MB.
System memory in use after: 163.5 MB.

Unloading 18 unused Assets to reduce memory usage. Loaded Objects now: 4841.
Total: 3.123300 ms (FindLiveObjects: 0.376800 ms CreateObjectMapping: 0.098000 ms MarkObjects: 2.624900 ms  DeleteObjects: 0.022800 ms)

========================================================================
Received Prepare
Registering precompiled user dll's ...
Registered in 0.003013 seconds.
Begin MonoManager ReloadAssembly
Symbol file LoadedFromMemory doesn't match image D:\GitHub\SpaceWaR2D\Library\PackageCache\com.unity.visualscripting@1.6.1\Editor\VisualScripting.Core\Dependencies\YamlDotNet\Unity.VisualScripting.YamlDotNet.dll
Symbol file LoadedFromMemory doesn't match image D:\GitHub\SpaceWaR2D\Library\PackageCache\com.unity.visualscripting@1.6.1\Editor\VisualScripting.Core\Dependencies\DotNetZip\Unity.VisualScripting.IonicZip.dll
Native extension for WindowsStandalone target not found
Refreshing native plugins compatible for Editor in 0.96 ms, found 4 plugins.
Preloading 0 native plugins for Editor in 0.00 ms.
Mono: successfully reloaded assembly
- Completed reload, in  0.929 seconds
Platform modules already initialized, skipping
Refreshing native plugins compatible for Editor in 0.89 ms, found 4 plugins.
Preloading 0 native plugins for Editor in 0.00 ms.
Unloading 3975 Unused Serialized files (Serialized files now loaded: 0)
System memory in use before: 163.2 MB.
System memory in use after: 163.5 MB.

Unloading 18 unused Assets to reduce memory usage. Loaded Objects now: 4843.
Total: 3.131500 ms (FindLiveObjects: 0.364200 ms CreateObjectMapping: 0.098100 ms MarkObjects: 2.650400 ms  DeleteObjects: 0.017700 ms)

========================================================================
Received Prepare
Registering precompiled user dll's ...
Registered in 0.003034 seconds.
Begin MonoManager ReloadAssembly
Symbol file LoadedFromMemory doesn't match image D:\GitHub\SpaceWaR2D\Library\PackageCache\com.unity.visualscripting@1.6.1\Editor\VisualScripting.Core\Dependencies\YamlDotNet\Unity.VisualScripting.YamlDotNet.dll
Symbol file LoadedFromMemory doesn't match image D:\GitHub\SpaceWaR2D\Library\PackageCache\com.unity.visualscripting@1.6.1\Editor\VisualScripting.Core\Dependencies\DotNetZip\Unity.VisualScripting.IonicZip.dll
Native extension for WindowsStandalone target not found
Refreshing native plugins compatible for Editor in 0.99 ms, found 4 plugins.
Preloading 0 native plugins for Editor in 0.00 ms.
Mono: successfully reloaded assembly
- Completed reload, in  0.926 seconds
Platform modules already initialized, skipping
Refreshing native plugins compatible for Editor in 0.93 ms, found 4 plugins.
Preloading 0 native plugins for Editor in 0.00 ms.
Unloading 3975 Unused Serialized files (Serialized files now loaded: 0)
System memory in use before: 163.2 MB.
System memory in use after: 163.5 MB.

Unloading 18 unused Assets to reduce memory usage. Loaded Objects now: 4845.
Total: 3.079500 ms (FindLiveObjects: 0.371000 ms CreateObjectMapping: 0.098300 ms MarkObjects: 2.587600 ms  DeleteObjects: 0.021600 ms)

========================================================================
Received Prepare
Registering precompiled user dll's ...
Registered in 0.003142 seconds.
Begin MonoManager ReloadAssembly
Symbol file LoadedFromMemory doesn't match image D:\GitHub\SpaceWaR2D\Library\PackageCache\com.unity.visualscripting@1.6.1\Editor\VisualScripting.Core\Dependencies\YamlDotNet\Unity.VisualScripting.YamlDotNet.dll
Symbol file LoadedFromMemory doesn't match image D:\GitHub\SpaceWaR2D\Library\PackageCache\com.unity.visualscripting@1.6.1\Editor\VisualScripting.Core\Dependencies\DotNetZip\Unity.VisualScripting.IonicZip.dll
Native extension for WindowsStandalone target not found
Refreshing native plugins compatible for Editor in 0.90 ms, found 4 plugins.
Preloading 0 native plugins for Editor in 0.00 ms.
Mono: successfully reloaded assembly
- Completed reload, in  0.925 seconds
Platform modules already initialized, skipping
Refreshing native plugins compatible for Editor in 0.89 ms, found 4 plugins.
Preloading 0 native plugins for Editor in 0.00 ms.
Unloading 3975 Unused Serialized files (Serialized files now loaded: 0)
System memory in use before: 163.2 MB.
System memory in use after: 163.5 MB.

Unloading 18 unused Assets to reduce memory usage. Loaded Objects now: 4847.
Total: 3.445600 ms (FindLiveObjects: 0.419500 ms CreateObjectMapping: 0.103100 ms MarkObjects: 2.898700 ms  DeleteObjects: 0.023000 ms)

========================================================================
Received Prepare
Registering precompiled user dll's ...
Registered in 0.003151 seconds.
Begin MonoManager ReloadAssembly
Symbol file LoadedFromMemory doesn't match image D:\GitHub\SpaceWaR2D\Library\PackageCache\com.unity.visualscripting@1.6.1\Editor\VisualScripting.Core\Dependencies\YamlDotNet\Unity.VisualScripting.YamlDotNet.dll
Symbol file LoadedFromMemory doesn't match image D:\GitHub\SpaceWaR2D\Library\PackageCache\com.unity.visualscripting@1.6.1\Editor\VisualScripting.Core\Dependencies\DotNetZip\Unity.VisualScripting.IonicZip.dll
Native extension for WindowsStandalone target not found
Refreshing native plugins compatible for Editor in 0.97 ms, found 4 plugins.
Preloading 0 native plugins for Editor in 0.00 ms.
Mono: successfully reloaded assembly
- Completed reload, in  0.949 seconds
Platform modules already initialized, skipping
Refreshing native plugins compatible for Editor in 0.87 ms, found 4 plugins.
Preloading 0 native plugins for Editor in 0.00 ms.
Unloading 3975 Unused Serialized files (Serialized files now loaded: 0)
System memory in use before: 163.2 MB.
System memory in use after: 163.5 MB.

Unloading 18 unused Assets to reduce memory usage. Loaded Objects now: 4849.
Total: 3.008000 ms (FindLiveObjects: 0.441700 ms CreateObjectMapping: 0.099100 ms MarkObjects: 2.450400 ms  DeleteObjects: 0.015800 ms)

========================================================================
Received Prepare
Registering precompiled user dll's ...
Registered in 0.003193 seconds.
Begin MonoManager ReloadAssembly
Symbol file LoadedFromMemory doesn't match image D:\GitHub\SpaceWaR2D\Library\PackageCache\com.unity.visualscripting@1.6.1\Editor\VisualScripting.Core\Dependencies\YamlDotNet\Unity.VisualScripting.YamlDotNet.dll
Symbol file LoadedFromMemory doesn't match image D:\GitHub\SpaceWaR2D\Library\PackageCache\com.unity.visualscripting@1.6.1\Editor\VisualScripting.Core\Dependencies\DotNetZip\Unity.VisualScripting.IonicZip.dll
Native extension for WindowsStandalone target not found
Refreshing native plugins compatible for Editor in 1.03 ms, found 4 plugins.
Preloading 0 native plugins for Editor in 0.00 ms.
Mono: successfully reloaded assembly
- Completed reload, in  0.920 seconds
Platform modules already initialized, skipping
Refreshing native plugins compatible for Editor in 0.97 ms, found 4 plugins.
Preloading 0 native plugins for Editor in 0.00 ms.
Unloading 3975 Unused Serialized files (Serialized files now loaded: 0)
System memory in use before: 163.2 MB.
System memory in use after: 163.5 MB.

Unloading 18 unused Assets to reduce memory usage. Loaded Objects now: 4851.
Total: 3.097500 ms (FindLiveObjects: 0.365600 ms CreateObjectMapping: 0.098600 ms MarkObjects: 2.613800 ms  DeleteObjects: 0.018700 ms)

AssetImportWorkerClient::OnTransportError - code=2 error=End of file
